{
  "RSpec": {
    "coverage": {
      "C:/Users/I C/Desktop/testing/abc/app/helpers/application_helper.rb": [
        1,
        null,
        null,
        1,
        152,
        152,
        64,
        null,
        88,
        null,
        null,
        null
      ],
      "C:/Users/I C/Desktop/testing/abc/app/helpers/authors_helper.rb": [
        1,
        null
      ],
      "C:/Users/I C/Desktop/testing/abc/app/helpers/blogs_helper.rb": [
        1,
        null
      ],
      "C:/Users/I C/Desktop/testing/abc/app/helpers/books_helper.rb": [
        1,
        null
      ],
      "C:/Users/I C/Desktop/testing/abc/app/helpers/home_page_helper.rb": [
        1,
        null
      ],
      "C:/Users/I C/Desktop/testing/abc/app/helpers/libraries_helper.rb": [
        1,
        null
      ],
      "C:/Users/I C/Desktop/testing/abc/app/helpers/sessions_helper.rb": [
        1,
        1,
        null,
        42,
        42,
        null,
        null,
        1,
        47,
        null,
        null,
        1,
        821,
        null,
        null,
        1,
        63,
        null,
        null,
        null,
        1,
        null,
        null,
        null,
        null,
        null,
        1,
        479,
        null,
        null,
        null,
        1,
        5,
        5,
        null,
        null,
        1,
        null,
        7,
        null,
        null,
        1,
        37,
        37,
        null,
        null,
        1,
        null,
        50,
        7,
        7,
        7,
        null,
        null,
        null,
        null
      ],
      "C:/Users/I C/Desktop/testing/abc/app/helpers/users_helper.rb": [
        1,
        null,
        1,
        116,
        116,
        116,
        null,
        null
      ],
      "C:/Users/I C/Desktop/testing/abc/app/controllers/blogs_controller.rb": [
        1,
        1,
        63,
        6,
        6,
        null,
        null,
        null,
        null,
        1,
        null,
        null
      ],
      "C:/Users/I C/Desktop/testing/abc/app/controllers/application_controller.rb": [
        1,
        null,
        null,
        1,
        1,
        null,
        null
      ],
      "C:/Users/I C/Desktop/testing/abc/app/controllers/users_controller.rb": [
        1,
        1,
        1,
        1,
        null,
        1,
        4,
        null,
        1,
        12,
        null,
        null,
        null,
        1,
        45,
        45,
        null,
        null,
        null,
        1,
        1,
        1,
        0,
        0,
        0,
        0,
        null,
        1,
        null,
        null,
        null,
        null,
        1,
        null,
        null,
        null,
        null,
        1,
        6,
        6,
        5,
        5,
        5,
        null,
        1,
        null,
        null,
        null,
        null,
        1,
        1,
        1,
        1,
        null,
        null,
        null,
        null,
        null,
        1,
        1,
        7,
        null,
        null,
        1,
        28,
        28,
        null,
        null,
        null,
        1,
        2,
        2,
        null,
        null,
        null
      ],
      "C:/Users/I C/Desktop/testing/abc/app/models/author.rb": [
        1,
        1,
        0,
        null,
        null,
        1,
        1,
        0,
        null,
        1,
        1,
        null
      ],
      "C:/Users/I C/Desktop/testing/abc/app/models/book.rb": [
        1,
        1,
        0,
        null,
        null,
        1,
        1,
        0,
        null,
        1,
        1,
        1,
        null,
        null
      ],
      "C:/Users/I C/Desktop/testing/abc/app/models/library.rb": [
        1,
        1,
        0,
        null,
        null,
        1,
        1,
        0,
        null,
        1,
        1,
        1,
        null,
        null
      ],
      "C:/Users/I C/Desktop/testing/abc/app/models/post.rb": [
        1,
        1,
        1,
        1,
        292,
        null,
        null
      ],
      "C:/Users/I C/Desktop/testing/abc/app/models/user.rb": [
        1,
        null,
        1,
        null,
        1,
        1,
        1,
        null,
        76,
        1,
        1,
        92,
        null,
        null,
        null,
        1,
        null,
        1,
        null,
        1,
        null,
        1,
        0,
        null,
        null,
        1,
        10,
        null,
        null,
        1,
        1,
        75,
        null,
        null,
        null,
        null
      ],
      "C:/Users/I C/Desktop/testing/abc/app/controllers/sessions_controller.rb": [
        1,
        null,
        1,
        39,
        39,
        37,
        37,
        null,
        2,
        2,
        null,
        null,
        1,
        5,
        5,
        null,
        null
      ],
      "C:/Users/I C/Desktop/testing/abc/app/controllers/posts_controller.rb": [
        1,
        1,
        1,
        null,
        1,
        2,
        2,
        0,
        0,
        null,
        2,
        2,
        null,
        null,
        null,
        1,
        1,
        1,
        null,
        null,
        null,
        1,
        1,
        1,
        1,
        null,
        null,
        null,
        1,
        2,
        null,
        null
      ]
    },
    "timestamp": 1406020536
  }
}
