{
  "RSpec": {
    "coverage": {
      "C:/Users/I C/Desktop/testing/abc/app/helpers/application_helper.rb": [
        1,
        null,
        null,
        1,
        10,
        10,
        3,
        null,
        7,
        null,
        null,
        null
      ],
      "C:/Users/I C/Desktop/testing/abc/app/helpers/authors_helper.rb": [
        1,
        null
      ],
      "C:/Users/I C/Desktop/testing/abc/app/helpers/blog_helper.rb": [
        1,
        null
      ],
      "C:/Users/I C/Desktop/testing/abc/app/helpers/blogs_helper.rb": [
        1,
        null
      ],
      "C:/Users/I C/Desktop/testing/abc/app/helpers/books_helper.rb": [
        1,
        null
      ],
      "C:/Users/I C/Desktop/testing/abc/app/helpers/home_page_helper.rb": [
        1,
        null
      ],
      "C:/Users/I C/Desktop/testing/abc/app/helpers/libraries_helper.rb": [
        1,
        null
      ],
      "C:/Users/I C/Desktop/testing/abc/app/helpers/users_helper.rb": [
        1,
        null
      ],
      "C:/Users/I C/Desktop/testing/abc/app/controllers/blogs_controller.rb": [
        1,
        1,
        null,
        null,
        1,
        null,
        null
      ],
      "C:/Users/I C/Desktop/testing/abc/app/controllers/application_controller.rb": [
        1,
        null,
        null,
        1,
        null
      ],
      "C:/Users/I C/Desktop/testing/abc/app/controllers/users_controller.rb": [
        1,
        1,
        null,
        null
      ]
    },
    "timestamp": 1405252585
  }
}
